2025/08/12 11:38:41 [notice] 1#1: using the "epoll" event method
2025/08/12 11:38:41 [notice] 1#1: nginx/1.28.0
2025/08/12 11:38:41 [notice] 1#1: built by gcc 12.2.0 (Debian 12.2.0-14) 
2025/08/12 11:38:41 [notice] 1#1: OS: Linux 6.12.13-amd64
2025/08/12 11:38:41 [notice] 1#1: getrlimit(RLIMIT_NOFILE): 1073741816:1073741816
2025/08/12 11:38:41 [notice] 1#1: start worker processes
2025/08/12 11:38:41 [notice] 1#1: start worker process 20
2025/08/12 11:38:41 [notice] 1#1: start worker process 21
2025/08/12 11:38:41 [notice] 1#1: start worker process 22
2025/08/12 11:38:41 [notice] 1#1: start worker process 23
2025/08/12 11:38:41 [notice] 1#1: start worker process 24
2025/08/12 11:38:41 [notice] 1#1: start worker process 25
2025/08/12 11:38:41 [notice] 1#1: start worker process 26
2025/08/12 11:38:41 [notice] 1#1: start worker process 27
2025/08/12 11:38:41 [notice] 1#1: start worker process 28
2025/08/12 11:38:41 [notice] 1#1: start worker process 29
2025/08/12 11:38:41 [notice] 1#1: start worker process 30
2025/08/12 11:38:41 [notice] 1#1: start worker process 31
2025/08/12 11:38:41 [notice] 1#1: start worker process 32
2025/08/12 11:38:41 [notice] 1#1: start worker process 33
2025/08/12 11:38:41 [notice] 1#1: start worker process 34
2025/08/12 11:38:41 [notice] 1#1: start worker process 35
2025/08/12 11:40:46 [notice] 49#49: signal process started
2025/08/12 11:40:46 [notice] 1#1: signal 1 (SIGHUP) received from 49, reconfiguring
2025/08/12 11:40:46 [notice] 1#1: reconfiguring
2025/08/12 11:40:46 [notice] 1#1: using the "epoll" event method
2025/08/12 11:40:46 [notice] 1#1: start worker processes
2025/08/12 11:40:46 [notice] 1#1: start worker process 50
2025/08/12 11:40:46 [notice] 1#1: start worker process 51
2025/08/12 11:40:46 [notice] 1#1: start worker process 52
2025/08/12 11:40:46 [notice] 1#1: start worker process 53
2025/08/12 11:40:46 [notice] 1#1: start worker process 54
2025/08/12 11:40:46 [notice] 1#1: start worker process 55
2025/08/12 11:40:46 [notice] 1#1: start worker process 56
2025/08/12 11:40:46 [notice] 1#1: start worker process 57
2025/08/12 11:40:46 [notice] 1#1: start worker process 58
2025/08/12 11:40:46 [notice] 1#1: start worker process 59
2025/08/12 11:40:46 [notice] 1#1: start worker process 60
2025/08/12 11:40:46 [notice] 1#1: start worker process 61
2025/08/12 11:40:46 [notice] 1#1: start worker process 62
2025/08/12 11:40:46 [notice] 1#1: start worker process 63
2025/08/12 11:40:46 [notice] 1#1: start worker process 64
2025/08/12 11:40:46 [notice] 1#1: start worker process 65
2025/08/12 11:40:46 [notice] 20#20: gracefully shutting down
2025/08/12 11:40:46 [notice] 21#21: gracefully shutting down
2025/08/12 11:40:46 [notice] 20#20: exiting
2025/08/12 11:40:46 [notice] 22#22: gracefully shutting down
2025/08/12 11:40:46 [notice] 20#20: exit
2025/08/12 11:40:46 [notice] 22#22: exiting
2025/08/12 11:40:46 [notice] 25#25: gracefully shutting down
2025/08/12 11:40:46 [notice] 22#22: exit
2025/08/12 11:40:46 [notice] 31#31: gracefully shutting down
2025/08/12 11:40:46 [notice] 25#25: exiting
2025/08/12 11:40:46 [notice] 26#26: gracefully shutting down
2025/08/12 11:40:46 [notice] 31#31: exiting
2025/08/12 11:40:46 [notice] 32#32: gracefully shutting down
2025/08/12 11:40:46 [notice] 26#26: exiting
2025/08/12 11:40:46 [notice] 32#32: exiting
2025/08/12 11:40:46 [notice] 25#25: exit
2025/08/12 11:40:46 [notice] 31#31: exit
2025/08/12 11:40:46 [notice] 27#27: gracefully shutting down
2025/08/12 11:40:46 [notice] 32#32: exit
2025/08/12 11:40:46 [notice] 26#26: exit
2025/08/12 11:40:46 [notice] 27#27: exiting
2025/08/12 11:40:46 [notice] 29#29: gracefully shutting down
2025/08/12 11:40:46 [notice] 27#27: exit
2025/08/12 11:40:46 [notice] 23#23: gracefully shutting down
2025/08/12 11:40:46 [notice] 29#29: exiting
2025/08/12 11:40:46 [notice] 23#23: exiting
2025/08/12 11:40:46 [notice] 21#21: exiting
2025/08/12 11:40:46 [notice] 29#29: exit
2025/08/12 11:40:46 [notice] 23#23: exit
2025/08/12 11:40:46 [notice] 34#34: gracefully shutting down
2025/08/12 11:40:46 [notice] 21#21: exit
2025/08/12 11:40:46 [notice] 30#30: gracefully shutting down
2025/08/12 11:40:46 [notice] 34#34: exiting
2025/08/12 11:40:46 [notice] 30#30: exiting
2025/08/12 11:40:46 [notice] 28#28: gracefully shutting down
2025/08/12 11:40:46 [notice] 34#34: exit
2025/08/12 11:40:46 [notice] 30#30: exit
2025/08/12 11:40:46 [notice] 28#28: exiting
2025/08/12 11:40:46 [notice] 33#33: gracefully shutting down
2025/08/12 11:40:46 [notice] 33#33: exiting
2025/08/12 11:40:46 [notice] 35#35: gracefully shutting down
2025/08/12 11:40:46 [notice] 28#28: exit
2025/08/12 11:40:46 [notice] 24#24: gracefully shutting down
2025/08/12 11:40:46 [notice] 35#35: exiting
2025/08/12 11:40:46 [notice] 24#24: exiting
2025/08/12 11:40:46 [notice] 33#33: exit
2025/08/12 11:40:46 [notice] 24#24: exit
2025/08/12 11:40:46 [notice] 35#35: exit
2025/08/12 11:40:46 [notice] 1#1: signal 17 (SIGCHLD) received from 26
2025/08/12 11:40:46 [notice] 1#1: worker process 26 exited with code 0
2025/08/12 11:40:46 [notice] 1#1: signal 29 (SIGIO) received
2025/08/12 11:40:46 [notice] 1#1: signal 17 (SIGCHLD) received from 23
2025/08/12 11:40:46 [notice] 1#1: worker process 23 exited with code 0
2025/08/12 11:40:46 [notice] 1#1: signal 29 (SIGIO) received
2025/08/12 11:40:46 [notice] 1#1: signal 17 (SIGCHLD) received from 25
2025/08/12 11:40:46 [notice] 1#1: worker process 25 exited with code 0
2025/08/12 11:40:46 [notice] 1#1: signal 29 (SIGIO) received
2025/08/12 11:40:46 [notice] 1#1: signal 17 (SIGCHLD) received from 32
2025/08/12 11:40:46 [notice] 1#1: worker process 32 exited with code 0
2025/08/12 11:40:46 [notice] 1#1: signal 29 (SIGIO) received
2025/08/12 11:40:46 [notice] 1#1: signal 17 (SIGCHLD) received from 31
2025/08/12 11:40:46 [notice] 1#1: worker process 31 exited with code 0
2025/08/12 11:40:46 [notice] 1#1: signal 29 (SIGIO) received
2025/08/12 11:40:46 [notice] 1#1: signal 17 (SIGCHLD) received from 27
2025/08/12 11:40:46 [notice] 1#1: worker process 27 exited with code 0
2025/08/12 11:40:46 [notice] 1#1: worker process 28 exited with code 0
2025/08/12 11:40:46 [notice] 1#1: signal 29 (SIGIO) received
2025/08/12 11:40:46 [notice] 1#1: signal 17 (SIGCHLD) received from 28
2025/08/12 11:40:46 [notice] 1#1: worker process 21 exited with code 0
2025/08/12 11:40:46 [notice] 1#1: worker process 24 exited with code 0
2025/08/12 11:40:46 [notice] 1#1: worker process 34 exited with code 0
2025/08/12 11:40:46 [notice] 1#1: signal 29 (SIGIO) received
2025/08/12 11:40:46 [notice] 1#1: signal 17 (SIGCHLD) received from 30
2025/08/12 11:40:46 [notice] 1#1: worker process 30 exited with code 0
2025/08/12 11:40:46 [notice] 1#1: signal 29 (SIGIO) received
2025/08/12 11:40:46 [notice] 1#1: signal 17 (SIGCHLD) received from 22
2025/08/12 11:40:46 [notice] 1#1: worker process 22 exited with code 0
2025/08/12 11:40:46 [notice] 1#1: signal 29 (SIGIO) received
2025/08/12 11:40:46 [notice] 1#1: signal 17 (SIGCHLD) received from 33
2025/08/12 11:40:46 [notice] 1#1: worker process 33 exited with code 0
2025/08/12 11:40:46 [notice] 1#1: signal 29 (SIGIO) received
2025/08/12 11:40:46 [notice] 1#1: signal 17 (SIGCHLD) received from 20
2025/08/12 11:40:46 [notice] 1#1: worker process 20 exited with code 0
2025/08/12 11:40:46 [notice] 1#1: signal 29 (SIGIO) received
2025/08/12 11:40:46 [notice] 1#1: signal 17 (SIGCHLD) received from 35
2025/08/12 11:40:46 [notice] 1#1: worker process 35 exited with code 0
2025/08/12 11:40:46 [notice] 1#1: signal 29 (SIGIO) received
2025/08/12 11:40:46 [notice] 1#1: signal 17 (SIGCHLD) received from 29
2025/08/12 11:40:46 [notice] 1#1: worker process 29 exited with code 0
2025/08/12 11:40:46 [notice] 1#1: signal 29 (SIGIO) received
2025/08/12 11:47:31 [notice] 74#74: signal process started
2025/08/12 11:47:31 [notice] 1#1: signal 1 (SIGHUP) received from 74, reconfiguring
2025/08/12 11:47:31 [notice] 1#1: reconfiguring
2025/08/12 11:47:31 [notice] 1#1: using the "epoll" event method
2025/08/12 11:47:31 [notice] 1#1: start worker processes
2025/08/12 11:47:31 [notice] 1#1: start worker process 75
2025/08/12 11:47:31 [notice] 1#1: start worker process 76
2025/08/12 11:47:31 [notice] 1#1: start worker process 77
2025/08/12 11:47:31 [notice] 1#1: start worker process 78
2025/08/12 11:47:31 [notice] 1#1: start worker process 79
2025/08/12 11:47:31 [notice] 1#1: start worker process 80
2025/08/12 11:47:31 [notice] 1#1: start worker process 81
2025/08/12 11:47:31 [notice] 1#1: start worker process 82
2025/08/12 11:47:31 [notice] 1#1: start worker process 83
2025/08/12 11:47:31 [notice] 1#1: start worker process 84
2025/08/12 11:47:31 [notice] 1#1: start worker process 85
2025/08/12 11:47:31 [notice] 1#1: start worker process 86
2025/08/12 11:47:31 [notice] 1#1: start worker process 87
2025/08/12 11:47:31 [notice] 1#1: start worker process 88
2025/08/12 11:47:31 [notice] 1#1: start worker process 89
2025/08/12 11:47:31 [notice] 1#1: start worker process 90
2025/08/12 11:47:31 [notice] 53#53: gracefully shutting down
2025/08/12 11:47:31 [notice] 58#58: gracefully shutting down
2025/08/12 11:47:31 [notice] 50#50: gracefully shutting down
2025/08/12 11:47:31 [notice] 54#54: gracefully shutting down
2025/08/12 11:47:31 [notice] 64#64: gracefully shutting down
2025/08/12 11:47:31 [notice] 65#65: gracefully shutting down
2025/08/12 11:47:31 [notice] 53#53: exiting
2025/08/12 11:47:31 [notice] 57#57: gracefully shutting down
2025/08/12 11:47:31 [notice] 51#51: gracefully shutting down
2025/08/12 11:47:31 [notice] 59#59: gracefully shutting down
2025/08/12 11:47:31 [notice] 61#61: gracefully shutting down
2025/08/12 11:47:31 [notice] 55#55: gracefully shutting down
2025/08/12 11:47:31 [notice] 52#52: gracefully shutting down
2025/08/12 11:47:31 [notice] 63#63: gracefully shutting down
2025/08/12 11:47:31 [notice] 60#60: gracefully shutting down
2025/08/12 11:47:31 [notice] 56#56: gracefully shutting down
2025/08/12 11:47:31 [notice] 58#58: exiting
2025/08/12 11:47:31 [notice] 62#62: gracefully shutting down
2025/08/12 11:47:31 [notice] 50#50: exiting
2025/08/12 11:47:31 [notice] 54#54: exiting
2025/08/12 11:47:31 [notice] 64#64: exiting
2025/08/12 11:47:31 [notice] 65#65: exiting
2025/08/12 11:47:31 [notice] 57#57: exiting
2025/08/12 11:47:31 [notice] 51#51: exiting
2025/08/12 11:47:31 [notice] 59#59: exiting
2025/08/12 11:47:31 [notice] 53#53: exit
2025/08/12 11:47:31 [notice] 61#61: exiting
2025/08/12 11:47:31 [notice] 55#55: exiting
2025/08/12 11:47:31 [notice] 52#52: exiting
2025/08/12 11:47:31 [notice] 63#63: exiting
2025/08/12 11:47:31 [notice] 60#60: exiting
2025/08/12 11:47:31 [notice] 56#56: exiting
2025/08/12 11:47:31 [notice] 62#62: exiting
2025/08/12 11:47:31 [notice] 58#58: exit
2025/08/12 11:47:31 [notice] 64#64: exit
2025/08/12 11:47:31 [notice] 65#65: exit
2025/08/12 11:47:31 [notice] 54#54: exit
2025/08/12 11:47:31 [notice] 50#50: exit
2025/08/12 11:47:31 [notice] 57#57: exit
2025/08/12 11:47:31 [notice] 51#51: exit
2025/08/12 11:47:31 [notice] 61#61: exit
2025/08/12 11:47:31 [notice] 59#59: exit
2025/08/12 11:47:31 [notice] 55#55: exit
2025/08/12 11:47:31 [notice] 63#63: exit
2025/08/12 11:47:31 [notice] 62#62: exit
2025/08/12 11:47:31 [notice] 52#52: exit
2025/08/12 11:47:31 [notice] 60#60: exit
2025/08/12 11:47:31 [notice] 56#56: exit
2025/08/12 11:47:31 [notice] 1#1: signal 17 (SIGCHLD) received from 50
2025/08/12 11:47:31 [notice] 1#1: worker process 50 exited with code 0
2025/08/12 11:47:31 [notice] 1#1: signal 29 (SIGIO) received
2025/08/12 11:47:31 [notice] 1#1: signal 17 (SIGCHLD) received from 65
2025/08/12 11:47:31 [notice] 1#1: worker process 65 exited with code 0
2025/08/12 11:47:31 [notice] 1#1: signal 29 (SIGIO) received
2025/08/12 11:47:31 [notice] 1#1: signal 17 (SIGCHLD) received from 60
2025/08/12 11:47:31 [notice] 1#1: worker process 60 exited with code 0
2025/08/12 11:47:31 [notice] 1#1: signal 29 (SIGIO) received
2025/08/12 11:47:31 [notice] 1#1: signal 17 (SIGCHLD) received from 53
2025/08/12 11:47:31 [notice] 1#1: worker process 53 exited with code 0
2025/08/12 11:47:31 [notice] 1#1: signal 29 (SIGIO) received
2025/08/12 11:47:31 [notice] 1#1: signal 17 (SIGCHLD) received from 56
2025/08/12 11:47:31 [notice] 1#1: worker process 51 exited with code 0
2025/08/12 11:47:31 [notice] 1#1: worker process 56 exited with code 0
2025/08/12 11:47:31 [notice] 1#1: worker process 63 exited with code 0
2025/08/12 11:47:31 [notice] 1#1: signal 29 (SIGIO) received
2025/08/12 11:47:31 [notice] 1#1: signal 17 (SIGCHLD) received from 51
2025/08/12 11:47:31 [notice] 1#1: worker process 55 exited with code 0
2025/08/12 11:47:31 [notice] 1#1: signal 29 (SIGIO) received
2025/08/12 11:47:31 [notice] 1#1: signal 17 (SIGCHLD) received from 57
2025/08/12 11:47:31 [notice] 1#1: worker process 57 exited with code 0
2025/08/12 11:47:31 [notice] 1#1: signal 29 (SIGIO) received
2025/08/12 11:47:31 [notice] 1#1: signal 17 (SIGCHLD) received from 59
2025/08/12 11:47:31 [notice] 1#1: worker process 54 exited with code 0
2025/08/12 11:47:31 [notice] 1#1: worker process 59 exited with code 0
2025/08/12 11:47:31 [notice] 1#1: worker process 62 exited with code 0
2025/08/12 11:47:31 [notice] 1#1: signal 29 (SIGIO) received
2025/08/12 11:47:31 [notice] 1#1: signal 17 (SIGCHLD) received from 62
2025/08/12 11:47:31 [notice] 1#1: signal 17 (SIGCHLD) received from 58
2025/08/12 11:47:31 [notice] 1#1: worker process 58 exited with code 0
2025/08/12 11:47:31 [notice] 1#1: worker process 64 exited with code 0
2025/08/12 11:47:31 [notice] 1#1: signal 29 (SIGIO) received
2025/08/12 11:47:31 [notice] 1#1: signal 17 (SIGCHLD) received from 61
2025/08/12 11:47:31 [notice] 1#1: worker process 52 exited with code 0
2025/08/12 11:47:31 [notice] 1#1: worker process 61 exited with code 0
2025/08/12 11:47:31 [notice] 1#1: signal 29 (SIGIO) received
2025/08/12 11:47:31 [notice] 1#1: signal 17 (SIGCHLD) received from 52
2025/08/12 11:48:19 [notice] 91#91: signal process started
2025/08/12 11:48:19 [notice] 1#1: signal 1 (SIGHUP) received from 91, reconfiguring
2025/08/12 11:48:19 [notice] 1#1: reconfiguring
2025/08/12 11:48:19 [notice] 1#1: using the "epoll" event method
2025/08/12 11:48:19 [notice] 1#1: start worker processes
2025/08/12 11:48:19 [notice] 1#1: start worker process 92
2025/08/12 11:48:19 [notice] 1#1: start worker process 93
2025/08/12 11:48:19 [notice] 1#1: start worker process 94
2025/08/12 11:48:19 [notice] 1#1: start worker process 95
2025/08/12 11:48:19 [notice] 1#1: start worker process 96
2025/08/12 11:48:19 [notice] 1#1: start worker process 97
2025/08/12 11:48:19 [notice] 1#1: start worker process 98
2025/08/12 11:48:19 [notice] 1#1: start worker process 99
2025/08/12 11:48:19 [notice] 1#1: start worker process 100
2025/08/12 11:48:19 [notice] 1#1: start worker process 101
2025/08/12 11:48:19 [notice] 1#1: start worker process 102
2025/08/12 11:48:19 [notice] 1#1: start worker process 103
2025/08/12 11:48:19 [notice] 1#1: start worker process 104
2025/08/12 11:48:19 [notice] 1#1: start worker process 105
2025/08/12 11:48:19 [notice] 1#1: start worker process 106
2025/08/12 11:48:19 [notice] 1#1: start worker process 107
2025/08/12 11:48:19 [notice] 84#84: gracefully shutting down
2025/08/12 11:48:19 [notice] 90#90: gracefully shutting down
2025/08/12 11:48:19 [notice] 77#77: gracefully shutting down
2025/08/12 11:48:19 [notice] 75#75: gracefully shutting down
2025/08/12 11:48:19 [notice] 77#77: exiting
2025/08/12 11:48:19 [notice] 84#84: exiting
2025/08/12 11:48:19 [notice] 90#90: exiting
2025/08/12 11:48:19 [notice] 76#76: gracefully shutting down
2025/08/12 11:48:19 [notice] 87#87: gracefully shutting down
2025/08/12 11:48:19 [notice] 85#85: gracefully shutting down
2025/08/12 11:48:19 [notice] 78#78: gracefully shutting down
2025/08/12 11:48:19 [notice] 81#81: gracefully shutting down
2025/08/12 11:48:19 [notice] 86#86: gracefully shutting down
2025/08/12 11:48:19 [notice] 89#89: gracefully shutting down
2025/08/12 11:48:19 [notice] 79#79: gracefully shutting down
2025/08/12 11:48:19 [notice] 83#83: gracefully shutting down
2025/08/12 11:48:19 [notice] 82#82: gracefully shutting down
2025/08/12 11:48:19 [notice] 80#80: gracefully shutting down
2025/08/12 11:48:19 [notice] 88#88: gracefully shutting down
2025/08/12 11:48:19 [notice] 75#75: exiting
2025/08/12 11:48:19 [notice] 76#76: exiting
2025/08/12 11:48:19 [notice] 87#87: exiting
2025/08/12 11:48:19 [notice] 84#84: exit
2025/08/12 11:48:19 [notice] 90#90: exit
2025/08/12 11:48:19 [notice] 85#85: exiting
2025/08/12 11:48:19 [notice] 77#77: exit
2025/08/12 11:48:19 [notice] 78#78: exiting
2025/08/12 11:48:19 [notice] 81#81: exiting
2025/08/12 11:48:19 [notice] 86#86: exiting
2025/08/12 11:48:19 [notice] 89#89: exiting
2025/08/12 11:48:19 [notice] 79#79: exiting
2025/08/12 11:48:19 [notice] 83#83: exiting
2025/08/12 11:48:19 [notice] 82#82: exiting
2025/08/12 11:48:19 [notice] 80#80: exiting
2025/08/12 11:48:19 [notice] 88#88: exiting
2025/08/12 11:48:19 [notice] 75#75: exit
2025/08/12 11:48:19 [notice] 76#76: exit
2025/08/12 11:48:19 [notice] 87#87: exit
2025/08/12 11:48:19 [notice] 78#78: exit
2025/08/12 11:48:19 [notice] 81#81: exit
2025/08/12 11:48:19 [notice] 85#85: exit
2025/08/12 11:48:19 [notice] 86#86: exit
2025/08/12 11:48:19 [notice] 79#79: exit
2025/08/12 11:48:19 [notice] 89#89: exit
2025/08/12 11:48:19 [notice] 82#82: exit
2025/08/12 11:48:19 [notice] 83#83: exit
2025/08/12 11:48:19 [notice] 80#80: exit
2025/08/12 11:48:19 [notice] 88#88: exit
2025/08/12 11:48:19 [notice] 1#1: signal 17 (SIGCHLD) received from 83
2025/08/12 11:48:19 [notice] 1#1: worker process 78 exited with code 0
2025/08/12 11:48:19 [notice] 1#1: worker process 83 exited with code 0
2025/08/12 11:48:19 [notice] 1#1: worker process 84 exited with code 0
2025/08/12 11:48:19 [notice] 1#1: worker process 89 exited with code 0
2025/08/12 11:48:19 [notice] 1#1: signal 29 (SIGIO) received
2025/08/12 11:48:19 [notice] 1#1: signal 17 (SIGCHLD) received from 89
2025/08/12 11:48:19 [notice] 1#1: signal 17 (SIGCHLD) received from 86
2025/08/12 11:48:19 [notice] 1#1: worker process 75 exited with code 0
2025/08/12 11:48:19 [notice] 1#1: worker process 80 exited with code 0
2025/08/12 11:48:19 [notice] 1#1: worker process 82 exited with code 0
2025/08/12 11:48:19 [notice] 1#1: worker process 86 exited with code 0
2025/08/12 11:48:19 [notice] 1#1: signal 29 (SIGIO) received
2025/08/12 11:48:19 [notice] 1#1: signal 17 (SIGCHLD) received from 75
2025/08/12 11:48:19 [notice] 1#1: signal 17 (SIGCHLD) received from 77
2025/08/12 11:48:19 [notice] 1#1: worker process 77 exited with code 0
2025/08/12 11:48:19 [notice] 1#1: worker process 85 exited with code 0
2025/08/12 11:48:19 [notice] 1#1: signal 29 (SIGIO) received
2025/08/12 11:48:19 [notice] 1#1: signal 17 (SIGCHLD) received from 85
2025/08/12 11:48:19 [notice] 1#1: signal 17 (SIGCHLD) received from 79
2025/08/12 11:48:19 [notice] 1#1: worker process 79 exited with code 0
2025/08/12 11:48:19 [notice] 1#1: signal 29 (SIGIO) received
2025/08/12 11:48:19 [notice] 1#1: signal 17 (SIGCHLD) received from 87
2025/08/12 11:48:19 [notice] 1#1: worker process 87 exited with code 0
2025/08/12 11:48:19 [notice] 1#1: worker process 81 exited with code 0
2025/08/12 11:48:19 [notice] 1#1: worker process 88 exited with code 0
2025/08/12 11:48:19 [notice] 1#1: signal 29 (SIGIO) received
2025/08/12 11:48:19 [notice] 1#1: signal 17 (SIGCHLD) received from 81
2025/08/12 11:48:19 [notice] 1#1: signal 17 (SIGCHLD) received from 76
2025/08/12 11:48:19 [notice] 1#1: worker process 76 exited with code 0
2025/08/12 11:48:19 [notice] 1#1: signal 29 (SIGIO) received
2025/08/12 11:48:19 [notice] 1#1: signal 17 (SIGCHLD) received from 90
2025/08/12 11:48:19 [notice] 1#1: worker process 90 exited with code 0
2025/08/12 11:48:19 [notice] 1#1: signal 29 (SIGIO) received
2025/08/12 11:48:50 [notice] 108#108: signal process started
2025/08/12 11:48:50 [notice] 1#1: signal 1 (SIGHUP) received from 108, reconfiguring
2025/08/12 11:48:50 [notice] 1#1: reconfiguring
2025/08/12 11:48:50 [notice] 1#1: using the "epoll" event method
2025/08/12 11:48:50 [notice] 1#1: start worker processes
2025/08/12 11:48:50 [notice] 1#1: start worker process 109
2025/08/12 11:48:50 [notice] 1#1: start worker process 110
2025/08/12 11:48:50 [notice] 1#1: start worker process 111
2025/08/12 11:48:50 [notice] 1#1: start worker process 112
2025/08/12 11:48:50 [notice] 1#1: start worker process 113
2025/08/12 11:48:50 [notice] 1#1: start worker process 114
2025/08/12 11:48:50 [notice] 1#1: start worker process 115
2025/08/12 11:48:50 [notice] 1#1: start worker process 116
2025/08/12 11:48:50 [notice] 1#1: start worker process 117
2025/08/12 11:48:50 [notice] 1#1: start worker process 118
2025/08/12 11:48:50 [notice] 1#1: start worker process 119
2025/08/12 11:48:50 [notice] 1#1: start worker process 120
2025/08/12 11:48:50 [notice] 1#1: start worker process 121
2025/08/12 11:48:50 [notice] 1#1: start worker process 122
2025/08/12 11:48:50 [notice] 1#1: start worker process 123
2025/08/12 11:48:50 [notice] 1#1: start worker process 124
2025/08/12 11:48:50 [notice] 93#93: gracefully shutting down
2025/08/12 11:48:50 [notice] 98#98: gracefully shutting down
2025/08/12 11:48:50 [notice] 101#101: gracefully shutting down
2025/08/12 11:48:50 [notice] 94#94: gracefully shutting down
2025/08/12 11:48:50 [notice] 103#103: gracefully shutting down
2025/08/12 11:48:50 [notice] 96#96: gracefully shutting down
2025/08/12 11:48:50 [notice] 92#92: gracefully shutting down
2025/08/12 11:48:50 [notice] 106#106: gracefully shutting down
2025/08/12 11:48:50 [notice] 93#93: exiting
2025/08/12 11:48:50 [notice] 96#96: exiting
2025/08/12 11:48:50 [notice] 104#104: gracefully shutting down
2025/08/12 11:48:50 [notice] 95#95: gracefully shutting down
2025/08/12 11:48:50 [notice] 99#99: gracefully shutting down
2025/08/12 11:48:50 [notice] 98#98: exiting
2025/08/12 11:48:50 [notice] 102#102: gracefully shutting down
2025/08/12 11:48:50 [notice] 101#101: exiting
2025/08/12 11:48:50 [notice] 97#97: gracefully shutting down
2025/08/12 11:48:50 [notice] 105#105: gracefully shutting down
2025/08/12 11:48:50 [notice] 94#94: exiting
2025/08/12 11:48:50 [notice] 103#103: exiting
2025/08/12 11:48:50 [notice] 92#92: exiting
2025/08/12 11:48:50 [notice] 106#106: exiting
2025/08/12 11:48:50 [notice] 104#104: exiting
2025/08/12 11:48:50 [notice] 95#95: exiting
2025/08/12 11:48:50 [notice] 99#99: exiting
2025/08/12 11:48:50 [notice] 93#93: exit
2025/08/12 11:48:50 [notice] 102#102: exiting
2025/08/12 11:48:50 [notice] 96#96: exit
2025/08/12 11:48:50 [notice] 97#97: exiting
2025/08/12 11:48:50 [notice] 98#98: exit
2025/08/12 11:48:50 [notice] 105#105: exiting
2025/08/12 11:48:50 [notice] 101#101: exit
2025/08/12 11:48:50 [notice] 103#103: exit
2025/08/12 11:48:50 [notice] 106#106: exit
2025/08/12 11:48:50 [notice] 92#92: exit
2025/08/12 11:48:50 [notice] 94#94: exit
2025/08/12 11:48:50 [notice] 95#95: exit
2025/08/12 11:48:50 [notice] 104#104: exit
2025/08/12 11:48:50 [notice] 99#99: exit
2025/08/12 11:48:50 [notice] 102#102: exit
2025/08/12 11:48:50 [notice] 97#97: exit
2025/08/12 11:48:50 [notice] 105#105: exit
2025/08/12 11:48:50 [notice] 100#100: gracefully shutting down
2025/08/12 11:48:50 [notice] 100#100: exiting
2025/08/12 11:48:50 [notice] 100#100: exit
2025/08/12 11:48:50 [notice] 107#107: gracefully shutting down
2025/08/12 11:48:50 [notice] 107#107: exiting
2025/08/12 11:48:50 [notice] 107#107: exit
2025/08/12 11:48:50 [notice] 1#1: signal 17 (SIGCHLD) received from 93
2025/08/12 11:48:50 [notice] 1#1: worker process 93 exited with code 0
2025/08/12 11:48:50 [notice] 1#1: signal 29 (SIGIO) received
2025/08/12 11:48:50 [notice] 1#1: signal 17 (SIGCHLD) received from 95
2025/08/12 11:48:50 [notice] 1#1: worker process 95 exited with code 0
2025/08/12 11:48:50 [notice] 1#1: signal 29 (SIGIO) received
2025/08/12 11:48:50 [notice] 1#1: signal 17 (SIGCHLD) received from 101
2025/08/12 11:48:50 [notice] 1#1: worker process 101 exited with code 0
2025/08/12 11:48:50 [notice] 1#1: signal 29 (SIGIO) received
2025/08/12 11:48:50 [notice] 1#1: signal 17 (SIGCHLD) received from 105
2025/08/12 11:48:50 [notice] 1#1: worker process 102 exited with code 0
2025/08/12 11:48:50 [notice] 1#1: worker process 105 exited with code 0
2025/08/12 11:48:50 [notice] 1#1: signal 29 (SIGIO) received
2025/08/12 11:48:50 [notice] 1#1: signal 17 (SIGCHLD) received from 92
2025/08/12 11:48:50 [notice] 1#1: worker process 92 exited with code 0
2025/08/12 11:48:50 [notice] 1#1: worker process 99 exited with code 0
2025/08/12 11:48:50 [notice] 1#1: signal 29 (SIGIO) received
2025/08/12 11:48:50 [notice] 1#1: signal 17 (SIGCHLD) received from 98
2025/08/12 11:48:50 [notice] 1#1: worker process 94 exited with code 0
2025/08/12 11:48:50 [notice] 1#1: worker process 97 exited with code 0
2025/08/12 11:48:50 [notice] 1#1: worker process 98 exited with code 0
2025/08/12 11:48:50 [notice] 1#1: signal 29 (SIGIO) received
2025/08/12 11:48:50 [notice] 1#1: signal 17 (SIGCHLD) received from 97
2025/08/12 11:48:50 [notice] 1#1: signal 17 (SIGCHLD) received from 96
2025/08/12 11:48:50 [notice] 1#1: worker process 96 exited with code 0
2025/08/12 11:48:50 [notice] 1#1: worker process 107 exited with code 0
2025/08/12 11:48:50 [notice] 1#1: signal 29 (SIGIO) received
2025/08/12 11:48:50 [notice] 1#1: signal 17 (SIGCHLD) received from 107
2025/08/12 11:48:50 [notice] 1#1: worker process 104 exited with code 0
2025/08/12 11:48:50 [notice] 1#1: worker process 106 exited with code 0
2025/08/12 11:48:50 [notice] 1#1: signal 29 (SIGIO) received
2025/08/12 11:48:50 [notice] 1#1: signal 17 (SIGCHLD) received from 103
2025/08/12 11:48:50 [notice] 1#1: worker process 103 exited with code 0
2025/08/12 11:48:50 [notice] 1#1: signal 29 (SIGIO) received
2025/08/12 11:48:50 [notice] 1#1: signal 17 (SIGCHLD) received from 100
2025/08/12 11:48:50 [notice] 1#1: worker process 100 exited with code 0
2025/08/12 11:48:50 [notice] 1#1: signal 29 (SIGIO) received
2025/08/12 11:51:30 [notice] 131#131: signal process started
2025/08/12 11:51:30 [notice] 1#1: signal 1 (SIGHUP) received from 131, reconfiguring
2025/08/12 11:51:30 [notice] 1#1: reconfiguring
2025/08/12 11:51:30 [notice] 1#1: using the "epoll" event method
2025/08/12 11:51:30 [notice] 1#1: start worker processes
2025/08/12 11:51:30 [notice] 1#1: start worker process 132
2025/08/12 11:51:30 [notice] 1#1: start worker process 133
2025/08/12 11:51:30 [notice] 1#1: start worker process 134
2025/08/12 11:51:30 [notice] 1#1: start worker process 135
2025/08/12 11:51:30 [notice] 1#1: start worker process 136
2025/08/12 11:51:30 [notice] 1#1: start worker process 137
2025/08/12 11:51:30 [notice] 1#1: start worker process 138
2025/08/12 11:51:30 [notice] 1#1: start worker process 139
2025/08/12 11:51:30 [notice] 1#1: start worker process 140
2025/08/12 11:51:30 [notice] 1#1: start worker process 141
2025/08/12 11:51:30 [notice] 1#1: start worker process 142
2025/08/12 11:51:30 [notice] 1#1: start worker process 143
2025/08/12 11:51:30 [notice] 1#1: start worker process 144
2025/08/12 11:51:30 [notice] 1#1: start worker process 145
2025/08/12 11:51:30 [notice] 1#1: start worker process 146
2025/08/12 11:51:30 [notice] 1#1: start worker process 147
2025/08/12 11:51:30 [notice] 109#109: gracefully shutting down
2025/08/12 11:51:30 [notice] 112#112: gracefully shutting down
2025/08/12 11:51:30 [notice] 120#120: gracefully shutting down
2025/08/12 11:51:30 [notice] 114#114: gracefully shutting down
2025/08/12 11:51:30 [notice] 122#122: gracefully shutting down
2025/08/12 11:51:30 [notice] 109#109: exiting
2025/08/12 11:51:30 [notice] 124#124: gracefully shutting down
2025/08/12 11:51:30 [notice] 112#112: exiting
2025/08/12 11:51:30 [notice] 110#110: gracefully shutting down
2025/08/12 11:51:30 [notice] 123#123: gracefully shutting down
2025/08/12 11:51:30 [notice] 113#113: gracefully shutting down
2025/08/12 11:51:30 [notice] 121#121: gracefully shutting down
2025/08/12 11:51:30 [notice] 120#120: exiting
2025/08/12 11:51:30 [notice] 118#118: gracefully shutting down
2025/08/12 11:51:30 [notice] 117#117: gracefully shutting down
2025/08/12 11:51:30 [notice] 115#115: gracefully shutting down
2025/08/12 11:51:30 [notice] 111#111: gracefully shutting down
2025/08/12 11:51:30 [notice] 116#116: gracefully shutting down
2025/08/12 11:51:30 [notice] 119#119: gracefully shutting down
2025/08/12 11:51:30 [notice] 114#114: exiting
2025/08/12 11:51:30 [notice] 122#122: exiting
2025/08/12 11:51:30 [notice] 124#124: exiting
2025/08/12 11:51:30 [notice] 110#110: exiting
2025/08/12 11:51:30 [notice] 109#109: exit
2025/08/12 11:51:30 [notice] 123#123: exiting
2025/08/12 11:51:30 [notice] 112#112: exit
2025/08/12 11:51:30 [notice] 113#113: exiting
2025/08/12 11:51:30 [notice] 121#121: exiting
2025/08/12 11:51:30 [notice] 118#118: exiting
2025/08/12 11:51:30 [notice] 117#117: exiting
2025/08/12 11:51:30 [notice] 120#120: exit
2025/08/12 11:51:30 [notice] 115#115: exiting
2025/08/12 11:51:30 [notice] 111#111: exiting
2025/08/12 11:51:30 [notice] 116#116: exiting
2025/08/12 11:51:30 [notice] 119#119: exiting
2025/08/12 11:51:30 [notice] 124#124: exit
2025/08/12 11:51:30 [notice] 114#114: exit
2025/08/12 11:51:30 [notice] 122#122: exit
2025/08/12 11:51:30 [notice] 110#110: exit
2025/08/12 11:51:30 [notice] 123#123: exit
2025/08/12 11:51:30 [notice] 121#121: exit
2025/08/12 11:51:30 [notice] 117#117: exit
2025/08/12 11:51:30 [notice] 118#118: exit
2025/08/12 11:51:30 [notice] 116#116: exit
2025/08/12 11:51:30 [notice] 113#113: exit
2025/08/12 11:51:30 [notice] 111#111: exit
2025/08/12 11:51:30 [notice] 119#119: exit
2025/08/12 11:51:30 [notice] 115#115: exit
2025/08/12 11:51:30 [notice] 1#1: signal 17 (SIGCHLD) received from 117
2025/08/12 11:51:30 [notice] 1#1: worker process 117 exited with code 0
2025/08/12 11:51:30 [notice] 1#1: signal 29 (SIGIO) received
2025/08/12 11:51:30 [notice] 1#1: signal 17 (SIGCHLD) received from 121
2025/08/12 11:51:30 [notice] 1#1: worker process 109 exited with code 0
2025/08/12 11:51:30 [notice] 1#1: worker process 111 exited with code 0
2025/08/12 11:51:30 [notice] 1#1: worker process 121 exited with code 0
2025/08/12 11:51:30 [notice] 1#1: worker process 123 exited with code 0
2025/08/12 11:51:30 [notice] 1#1: signal 29 (SIGIO) received
2025/08/12 11:51:30 [notice] 1#1: signal 17 (SIGCHLD) received from 124
2025/08/12 11:51:30 [notice] 1#1: worker process 114 exited with code 0
2025/08/12 11:51:30 [notice] 1#1: worker process 124 exited with code 0
2025/08/12 11:51:30 [notice] 1#1: signal 29 (SIGIO) received
2025/08/12 11:51:30 [notice] 1#1: signal 17 (SIGCHLD) received from 114
2025/08/12 11:51:30 [notice] 1#1: signal 17 (SIGCHLD) received from 116
2025/08/12 11:51:30 [notice] 1#1: worker process 116 exited with code 0
2025/08/12 11:51:30 [notice] 1#1: signal 29 (SIGIO) received
2025/08/12 11:51:30 [notice] 1#1: signal 17 (SIGCHLD) received from 115
2025/08/12 11:51:30 [notice] 1#1: worker process 115 exited with code 0
2025/08/12 11:51:30 [notice] 1#1: signal 29 (SIGIO) received
2025/08/12 11:51:30 [notice] 1#1: signal 17 (SIGCHLD) received from 122
2025/08/12 11:51:30 [notice] 1#1: worker process 119 exited with code 0
2025/08/12 11:51:30 [notice] 1#1: worker process 122 exited with code 0
2025/08/12 11:51:30 [notice] 1#1: signal 29 (SIGIO) received
2025/08/12 11:51:30 [notice] 1#1: signal 17 (SIGCHLD) received from 119
2025/08/12 11:51:30 [notice] 1#1: signal 17 (SIGCHLD) received from 120
2025/08/12 11:51:30 [notice] 1#1: worker process 120 exited with code 0
2025/08/12 11:51:30 [notice] 1#1: signal 29 (SIGIO) received
2025/08/12 11:51:30 [notice] 1#1: signal 17 (SIGCHLD) received from 118
2025/08/12 11:51:30 [notice] 1#1: worker process 113 exited with code 0
2025/08/12 11:51:30 [notice] 1#1: worker process 118 exited with code 0
2025/08/12 11:51:30 [notice] 1#1: signal 29 (SIGIO) received
2025/08/12 11:51:30 [notice] 1#1: signal 17 (SIGCHLD) received from 110
2025/08/12 11:51:30 [notice] 1#1: worker process 110 exited with code 0
2025/08/12 11:51:30 [notice] 1#1: signal 29 (SIGIO) received
2025/08/12 11:51:30 [notice] 1#1: signal 17 (SIGCHLD) received from 112
2025/08/12 11:51:30 [notice] 1#1: worker process 112 exited with code 0
2025/08/12 11:51:30 [notice] 1#1: signal 29 (SIGIO) received
2025/08/12 11:54:47 [notice] 156#156: signal process started
2025/08/12 11:54:47 [notice] 1#1: signal 1 (SIGHUP) received from 156, reconfiguring
2025/08/12 11:54:47 [notice] 1#1: reconfiguring
2025/08/12 11:54:47 [notice] 1#1: using the "epoll" event method
2025/08/12 11:54:47 [notice] 1#1: start worker processes
2025/08/12 11:54:47 [notice] 1#1: start worker process 157
2025/08/12 11:54:47 [notice] 1#1: start worker process 158
2025/08/12 11:54:47 [notice] 1#1: start worker process 159
2025/08/12 11:54:47 [notice] 1#1: start worker process 160
2025/08/12 11:54:47 [notice] 1#1: start worker process 161
2025/08/12 11:54:47 [notice] 1#1: start worker process 162
2025/08/12 11:54:47 [notice] 1#1: start worker process 163
2025/08/12 11:54:47 [notice] 1#1: start worker process 164
2025/08/12 11:54:47 [notice] 1#1: start worker process 165
2025/08/12 11:54:47 [notice] 1#1: start worker process 166
2025/08/12 11:54:47 [notice] 1#1: start worker process 167
2025/08/12 11:54:47 [notice] 1#1: start worker process 168
2025/08/12 11:54:47 [notice] 1#1: start worker process 169
2025/08/12 11:54:47 [notice] 1#1: start worker process 170
2025/08/12 11:54:47 [notice] 1#1: start worker process 171
2025/08/12 11:54:47 [notice] 1#1: start worker process 172
2025/08/12 11:54:47 [notice] 132#132: gracefully shutting down
2025/08/12 11:54:47 [notice] 134#134: gracefully shutting down
2025/08/12 11:54:47 [notice] 133#133: gracefully shutting down
2025/08/12 11:54:47 [notice] 135#135: gracefully shutting down
2025/08/12 11:54:47 [notice] 136#136: gracefully shutting down
2025/08/12 11:54:47 [notice] 137#137: gracefully shutting down
2025/08/12 11:54:47 [notice] 132#132: exiting
2025/08/12 11:54:47 [notice] 141#141: gracefully shutting down
2025/08/12 11:54:47 [notice] 134#134: exiting
2025/08/12 11:54:47 [notice] 138#138: gracefully shutting down
2025/08/12 11:54:47 [notice] 140#140: gracefully shutting down
2025/08/12 11:54:47 [notice] 139#139: gracefully shutting down
2025/08/12 11:54:47 [notice] 142#142: gracefully shutting down
2025/08/12 11:54:47 [notice] 133#133: exiting
2025/08/12 11:54:47 [notice] 146#146: gracefully shutting down
2025/08/12 11:54:47 [notice] 135#135: exiting
2025/08/12 11:54:47 [notice] 136#136: exiting
2025/08/12 11:54:47 [notice] 137#137: exiting
2025/08/12 11:54:47 [notice] 141#141: exiting
2025/08/12 11:54:47 [notice] 145#145: gracefully shutting down
2025/08/12 11:54:47 [notice] 138#138: exiting
2025/08/12 11:54:47 [notice] 143#143: gracefully shutting down
2025/08/12 11:54:47 [notice] 145#145: exiting
2025/08/12 11:54:47 [notice] 144#144: gracefully shutting down
2025/08/12 11:54:47 [notice] 140#140: exiting
2025/08/12 11:54:47 [notice] 132#132: exit
2025/08/12 11:54:47 [notice] 134#134: exit
2025/08/12 11:54:47 [notice] 139#139: exiting
2025/08/12 11:54:47 [notice] 142#142: exiting
2025/08/12 11:54:47 [notice] 146#146: exiting
2025/08/12 11:54:47 [notice] 133#133: exit
2025/08/12 11:54:47 [notice] 143#143: exiting
2025/08/12 11:54:47 [notice] 144#144: exiting
2025/08/12 11:54:47 [notice] 135#135: exit
2025/08/12 11:54:47 [notice] 137#137: exit
2025/08/12 11:54:47 [notice] 136#136: exit
2025/08/12 11:54:47 [notice] 141#141: exit
2025/08/12 11:54:47 [notice] 138#138: exit
2025/08/12 11:54:47 [notice] 145#145: exit
2025/08/12 11:54:47 [notice] 140#140: exit
2025/08/12 11:54:47 [notice] 139#139: exit
2025/08/12 11:54:47 [notice] 146#146: exit
2025/08/12 11:54:47 [notice] 143#143: exit
2025/08/12 11:54:47 [notice] 144#144: exit
2025/08/12 11:54:47 [notice] 142#142: exit
2025/08/12 11:54:47 [notice] 147#147: gracefully shutting down
2025/08/12 11:54:47 [notice] 147#147: exiting
2025/08/12 11:54:47 [notice] 147#147: exit
2025/08/12 11:54:47 [notice] 1#1: signal 17 (SIGCHLD) received from 135
2025/08/12 11:54:47 [notice] 1#1: worker process 135 exited with code 0
2025/08/12 11:54:47 [notice] 1#1: signal 29 (SIGIO) received
2025/08/12 11:54:47 [notice] 1#1: signal 17 (SIGCHLD) received from 134
2025/08/12 11:54:47 [notice] 1#1: worker process 134 exited with code 0
2025/08/12 11:54:47 [notice] 1#1: signal 29 (SIGIO) received
2025/08/12 11:54:47 [notice] 1#1: signal 17 (SIGCHLD) received from 140
2025/08/12 11:54:47 [notice] 1#1: worker process 140 exited with code 0
2025/08/12 11:54:47 [notice] 1#1: signal 29 (SIGIO) received
2025/08/12 11:54:47 [notice] 1#1: signal 17 (SIGCHLD) received from 143
2025/08/12 11:54:47 [notice] 1#1: worker process 136 exited with code 0
2025/08/12 11:54:47 [notice] 1#1: worker process 137 exited with code 0
2025/08/12 11:54:47 [notice] 1#1: worker process 138 exited with code 0
2025/08/12 11:54:47 [notice] 1#1: worker process 139 exited with code 0
2025/08/12 11:54:47 [notice] 1#1: worker process 142 exited with code 0
2025/08/12 11:54:47 [notice] 1#1: worker process 143 exited with code 0
2025/08/12 11:54:47 [notice] 1#1: signal 29 (SIGIO) received
2025/08/12 11:54:47 [notice] 1#1: signal 17 (SIGCHLD) received from 144
2025/08/12 11:54:47 [notice] 1#1: worker process 144 exited with code 0
2025/08/12 11:54:47 [notice] 1#1: worker process 145 exited with code 0
2025/08/12 11:54:47 [notice] 1#1: signal 29 (SIGIO) received
2025/08/12 11:54:47 [notice] 1#1: signal 17 (SIGCHLD) received from 145
2025/08/12 11:54:47 [notice] 1#1: signal 17 (SIGCHLD) received from 146
2025/08/12 11:54:47 [notice] 1#1: worker process 146 exited with code 0
2025/08/12 11:54:47 [notice] 1#1: signal 29 (SIGIO) received
2025/08/12 11:54:47 [notice] 1#1: signal 17 (SIGCHLD) received from 147
2025/08/12 11:54:47 [notice] 1#1: worker process 141 exited with code 0
2025/08/12 11:54:47 [notice] 1#1: worker process 147 exited with code 0
2025/08/12 11:54:47 [notice] 1#1: signal 29 (SIGIO) received
2025/08/12 11:54:47 [notice] 1#1: signal 17 (SIGCHLD) received from 132
2025/08/12 11:54:47 [notice] 1#1: worker process 132 exited with code 0
2025/08/12 11:54:47 [notice] 1#1: signal 29 (SIGIO) received
2025/08/12 11:54:47 [notice] 1#1: signal 17 (SIGCHLD) received from 133
2025/08/12 11:54:47 [notice] 1#1: worker process 133 exited with code 0
2025/08/12 11:54:47 [notice] 1#1: signal 29 (SIGIO) received
2025/08/12 11:56:11 [notice] 175#175: signal process started
2025/08/12 11:56:11 [notice] 1#1: signal 1 (SIGHUP) received from 175, reconfiguring
2025/08/12 11:56:11 [notice] 1#1: reconfiguring
2025/08/12 11:56:11 [notice] 1#1: using the "epoll" event method
2025/08/12 11:56:11 [notice] 1#1: start worker processes
2025/08/12 11:56:11 [notice] 1#1: start worker process 176
2025/08/12 11:56:11 [notice] 1#1: start worker process 177
2025/08/12 11:56:11 [notice] 1#1: start worker process 178
2025/08/12 11:56:11 [notice] 1#1: start worker process 179
2025/08/12 11:56:11 [notice] 1#1: start worker process 180
2025/08/12 11:56:11 [notice] 1#1: start worker process 181
2025/08/12 11:56:11 [notice] 1#1: start worker process 182
2025/08/12 11:56:11 [notice] 1#1: start worker process 183
2025/08/12 11:56:11 [notice] 1#1: start worker process 184
2025/08/12 11:56:11 [notice] 1#1: start worker process 185
2025/08/12 11:56:11 [notice] 1#1: start worker process 186
2025/08/12 11:56:11 [notice] 1#1: start worker process 187
2025/08/12 11:56:11 [notice] 1#1: start worker process 188
2025/08/12 11:56:11 [notice] 1#1: start worker process 189
2025/08/12 11:56:11 [notice] 1#1: start worker process 190
2025/08/12 11:56:11 [notice] 1#1: start worker process 191
2025/08/12 11:56:11 [notice] 159#159: gracefully shutting down
2025/08/12 11:56:11 [notice] 157#157: gracefully shutting down
2025/08/12 11:56:11 [notice] 160#160: gracefully shutting down
2025/08/12 11:56:11 [notice] 158#158: gracefully shutting down
2025/08/12 11:56:11 [notice] 161#161: gracefully shutting down
2025/08/12 11:56:11 [notice] 162#162: gracefully shutting down
2025/08/12 11:56:11 [notice] 161#161: exiting
2025/08/12 11:56:11 [notice] 159#159: exiting
2025/08/12 11:56:11 [notice] 157#157: exiting
2025/08/12 11:56:11 [notice] 164#164: gracefully shutting down
2025/08/12 11:56:11 [notice] 163#163: gracefully shutting down
2025/08/12 11:56:11 [notice] 166#166: gracefully shutting down
2025/08/12 11:56:11 [notice] 160#160: exiting
2025/08/12 11:56:11 [notice] 170#170: gracefully shutting down
2025/08/12 11:56:11 [notice] 166#166: exiting
2025/08/12 11:56:11 [notice] 158#158: exiting
2025/08/12 11:56:11 [notice] 167#167: gracefully shutting down
2025/08/12 11:56:11 [notice] 165#165: gracefully shutting down
2025/08/12 11:56:11 [notice] 169#169: gracefully shutting down
2025/08/12 11:56:11 [notice] 168#168: gracefully shutting down
2025/08/12 11:56:11 [notice] 162#162: exiting
2025/08/12 11:56:11 [notice] 164#164: exiting
2025/08/12 11:56:11 [notice] 161#161: exit
2025/08/12 11:56:11 [notice] 163#163: exiting
2025/08/12 11:56:11 [notice] 159#159: exit
2025/08/12 11:56:11 [notice] 157#157: exit
2025/08/12 11:56:11 [notice] 170#170: exiting
2025/08/12 11:56:11 [notice] 160#160: exit
2025/08/12 11:56:11 [notice] 167#167: exiting
2025/08/12 11:56:11 [notice] 165#165: exiting
2025/08/12 11:56:11 [notice] 158#158: exit
2025/08/12 11:56:11 [notice] 166#166: exit
2025/08/12 11:56:11 [notice] 169#169: exiting
2025/08/12 11:56:11 [notice] 168#168: exiting
2025/08/12 11:56:11 [notice] 162#162: exit
2025/08/12 11:56:11 [notice] 164#164: exit
2025/08/12 11:56:11 [notice] 170#170: exit
2025/08/12 11:56:11 [notice] 163#163: exit
2025/08/12 11:56:11 [notice] 167#167: exit
2025/08/12 11:56:11 [notice] 165#165: exit
2025/08/12 11:56:11 [notice] 168#168: exit
2025/08/12 11:56:11 [notice] 169#169: exit
2025/08/12 11:56:11 [notice] 172#172: gracefully shutting down
2025/08/12 11:56:11 [notice] 171#171: gracefully shutting down
2025/08/12 11:56:11 [notice] 172#172: exiting
2025/08/12 11:56:11 [notice] 171#171: exiting
2025/08/12 11:56:11 [notice] 172#172: exit
2025/08/12 11:56:11 [notice] 171#171: exit
2025/08/12 11:56:11 [notice] 1#1: signal 17 (SIGCHLD) received from 166
2025/08/12 11:56:11 [notice] 1#1: worker process 166 exited with code 0
2025/08/12 11:56:11 [notice] 1#1: signal 29 (SIGIO) received
2025/08/12 11:56:11 [notice] 1#1: signal 17 (SIGCHLD) received from 157
2025/08/12 11:56:11 [notice] 1#1: worker process 157 exited with code 0
2025/08/12 11:56:11 [notice] 1#1: signal 29 (SIGIO) received
2025/08/12 11:56:11 [notice] 1#1: signal 17 (SIGCHLD) received from 172
2025/08/12 11:56:11 [notice] 1#1: worker process 158 exited with code 0
2025/08/12 11:56:11 [notice] 1#1: worker process 161 exited with code 0
2025/08/12 11:56:11 [notice] 1#1: worker process 163 exited with code 0
2025/08/12 11:56:11 [notice] 1#1: worker process 168 exited with code 0
2025/08/12 11:56:11 [notice] 1#1: worker process 172 exited with code 0
2025/08/12 11:56:11 [notice] 1#1: signal 29 (SIGIO) received
2025/08/12 11:56:11 [notice] 1#1: signal 17 (SIGCHLD) received from 159
2025/08/12 11:56:11 [notice] 1#1: worker process 159 exited with code 0
2025/08/12 11:56:11 [notice] 1#1: signal 29 (SIGIO) received
2025/08/12 11:56:11 [notice] 1#1: signal 17 (SIGCHLD) received from 171
2025/08/12 11:56:11 [notice] 1#1: worker process 167 exited with code 0
2025/08/12 11:56:11 [notice] 1#1: worker process 169 exited with code 0
2025/08/12 11:56:11 [notice] 1#1: worker process 171 exited with code 0
2025/08/12 11:56:11 [notice] 1#1: signal 29 (SIGIO) received
2025/08/12 11:56:11 [notice] 1#1: signal 17 (SIGCHLD) received from 162
2025/08/12 11:56:11 [notice] 1#1: worker process 162 exited with code 0
2025/08/12 11:56:11 [notice] 1#1: worker process 170 exited with code 0
2025/08/12 11:56:11 [notice] 1#1: signal 29 (SIGIO) received
2025/08/12 11:56:11 [notice] 1#1: signal 17 (SIGCHLD) received from 170
2025/08/12 11:56:11 [notice] 1#1: worker process 164 exited with code 0
2025/08/12 11:56:11 [notice] 1#1: signal 29 (SIGIO) received
2025/08/12 11:56:11 [notice] 1#1: signal 17 (SIGCHLD) received from 160
2025/08/12 11:56:11 [notice] 1#1: worker process 160 exited with code 0
2025/08/12 11:56:11 [notice] 1#1: signal 29 (SIGIO) received
2025/08/12 11:56:11 [notice] 1#1: signal 17 (SIGCHLD) received from 165
2025/08/12 11:56:11 [notice] 1#1: worker process 165 exited with code 0
2025/08/12 11:56:11 [notice] 1#1: signal 29 (SIGIO) received
2025/08/12 11:56:16 [notice] 1#1: signal 3 (SIGQUIT) received, shutting down
2025/08/12 11:56:16 [notice] 177#177: gracefully shutting down
2025/08/12 11:56:16 [notice] 181#181: gracefully shutting down
2025/08/12 11:56:16 [notice] 180#180: gracefully shutting down
2025/08/12 11:56:16 [notice] 177#177: exiting
2025/08/12 11:56:16 [notice] 187#187: gracefully shutting down
2025/08/12 11:56:16 [notice] 179#179: gracefully shutting down
2025/08/12 11:56:16 [notice] 180#180: exiting
2025/08/12 11:56:16 [notice] 182#182: gracefully shutting down
2025/08/12 11:56:16 [notice] 183#183: gracefully shutting down
2025/08/12 11:56:16 [notice] 178#178: gracefully shutting down
2025/08/12 11:56:16 [notice] 181#181: exiting
2025/08/12 11:56:16 [notice] 186#186: gracefully shutting down
2025/08/12 11:56:16 [notice] 187#187: exiting
2025/08/12 11:56:16 [notice] 184#184: gracefully shutting down
2025/08/12 11:56:16 [notice] 188#188: gracefully shutting down
2025/08/12 11:56:16 [notice] 179#179: exiting
2025/08/12 11:56:16 [notice] 177#177: exit
2025/08/12 11:56:16 [notice] 182#182: exiting
2025/08/12 11:56:16 [notice] 176#176: gracefully shutting down
2025/08/12 11:56:16 [notice] 185#185: gracefully shutting down
2025/08/12 11:56:16 [notice] 183#183: exiting
2025/08/12 11:56:16 [notice] 180#180: exit
2025/08/12 11:56:16 [notice] 178#178: exiting
2025/08/12 11:56:16 [notice] 186#186: exiting
2025/08/12 11:56:16 [notice] 184#184: exiting
2025/08/12 11:56:16 [notice] 188#188: exiting
2025/08/12 11:56:16 [notice] 181#181: exit
2025/08/12 11:56:16 [notice] 187#187: exit
2025/08/12 11:56:16 [notice] 176#176: exiting
2025/08/12 11:56:16 [notice] 185#185: exiting
2025/08/12 11:56:16 [notice] 179#179: exit
2025/08/12 11:56:16 [notice] 182#182: exit
2025/08/12 11:56:16 [notice] 178#178: exit
2025/08/12 11:56:16 [notice] 183#183: exit
2025/08/12 11:56:16 [notice] 188#188: exit
2025/08/12 11:56:16 [notice] 184#184: exit
2025/08/12 11:56:16 [notice] 186#186: exit
2025/08/12 11:56:16 [notice] 185#185: exit
2025/08/12 11:56:16 [notice] 176#176: exit
2025/08/12 11:56:16 [notice] 191#191: gracefully shutting down
2025/08/12 11:56:16 [notice] 190#190: gracefully shutting down
2025/08/12 11:56:16 [notice] 191#191: exiting
2025/08/12 11:56:16 [notice] 190#190: exiting
2025/08/12 11:56:16 [notice] 191#191: exit
2025/08/12 11:56:16 [notice] 189#189: gracefully shutting down
2025/08/12 11:56:16 [notice] 190#190: exit
2025/08/12 11:56:16 [notice] 189#189: exiting
2025/08/12 11:56:16 [notice] 189#189: exit
2025/08/12 11:56:16 [notice] 1#1: signal 17 (SIGCHLD) received from 182
2025/08/12 11:56:16 [notice] 1#1: worker process 182 exited with code 0
2025/08/12 11:56:16 [notice] 1#1: signal 29 (SIGIO) received
2025/08/12 11:56:16 [notice] 1#1: signal 17 (SIGCHLD) received from 184
2025/08/12 11:56:16 [notice] 1#1: worker process 184 exited with code 0
2025/08/12 11:56:16 [notice] 1#1: signal 29 (SIGIO) received
2025/08/12 11:56:16 [notice] 1#1: signal 17 (SIGCHLD) received from 178
2025/08/12 11:56:16 [notice] 1#1: worker process 178 exited with code 0
2025/08/12 11:56:16 [notice] 1#1: worker process 180 exited with code 0
2025/08/12 11:56:16 [notice] 1#1: worker process 185 exited with code 0
2025/08/12 11:56:16 [notice] 1#1: signal 29 (SIGIO) received
2025/08/12 11:56:16 [notice] 1#1: signal 17 (SIGCHLD) received from 181
2025/08/12 11:56:16 [notice] 1#1: worker process 181 exited with code 0
2025/08/12 11:56:16 [notice] 1#1: worker process 183 exited with code 0
2025/08/12 11:56:16 [notice] 1#1: signal 29 (SIGIO) received
2025/08/12 11:56:16 [notice] 1#1: signal 17 (SIGCHLD) received from 191
2025/08/12 11:56:16 [notice] 1#1: worker process 190 exited with code 0
2025/08/12 11:56:16 [notice] 1#1: worker process 191 exited with code 0
2025/08/12 11:56:16 [notice] 1#1: signal 29 (SIGIO) received
2025/08/12 11:56:16 [notice] 1#1: signal 17 (SIGCHLD) received from 190
2025/08/12 11:56:16 [notice] 1#1: signal 17 (SIGCHLD) received from 179
2025/08/12 11:56:16 [notice] 1#1: worker process 179 exited with code 0
2025/08/12 11:56:16 [notice] 1#1: signal 29 (SIGIO) received
2025/08/12 11:56:16 [notice] 1#1: signal 17 (SIGCHLD) received from 187
2025/08/12 11:56:16 [notice] 1#1: worker process 187 exited with code 0
2025/08/12 11:56:16 [notice] 1#1: signal 29 (SIGIO) received
2025/08/12 11:56:16 [notice] 1#1: signal 17 (SIGCHLD) received from 186
2025/08/12 11:56:16 [notice] 1#1: worker process 177 exited with code 0
2025/08/12 11:56:16 [notice] 1#1: worker process 186 exited with code 0
2025/08/12 11:56:16 [notice] 1#1: worker process 188 exited with code 0
2025/08/12 11:56:16 [notice] 1#1: signal 29 (SIGIO) received
2025/08/12 11:56:16 [notice] 1#1: signal 17 (SIGCHLD) received from 189
2025/08/12 11:56:16 [notice] 1#1: worker process 189 exited with code 0
2025/08/12 11:56:16 [notice] 1#1: signal 29 (SIGIO) received
2025/08/12 11:56:16 [notice] 1#1: signal 17 (SIGCHLD) received from 176
2025/08/12 11:56:16 [notice] 1#1: worker process 176 exited with code 0
2025/08/12 11:56:16 [notice] 1#1: exit
2025/08/12 11:56:27 [notice] 1#1: using the "epoll" event method
2025/08/12 11:56:27 [notice] 1#1: nginx/1.28.0
2025/08/12 11:56:27 [notice] 1#1: built by gcc 12.2.0 (Debian 12.2.0-14) 
2025/08/12 11:56:27 [notice] 1#1: OS: Linux 6.12.13-amd64
2025/08/12 11:56:27 [notice] 1#1: getrlimit(RLIMIT_NOFILE): 1073741816:1073741816
2025/08/12 11:56:27 [notice] 1#1: start worker processes
2025/08/12 11:56:27 [notice] 1#1: start worker process 20
2025/08/12 11:56:27 [notice] 1#1: start worker process 21
2025/08/12 11:56:27 [notice] 1#1: start worker process 22
2025/08/12 11:56:27 [notice] 1#1: start worker process 23
2025/08/12 11:56:27 [notice] 1#1: start worker process 24
2025/08/12 11:56:27 [notice] 1#1: start worker process 25
2025/08/12 11:56:27 [notice] 1#1: start worker process 26
2025/08/12 11:56:27 [notice] 1#1: start worker process 27
2025/08/12 11:56:27 [notice] 1#1: start worker process 28
2025/08/12 11:56:27 [notice] 1#1: start worker process 29
2025/08/12 11:56:27 [notice] 1#1: start worker process 30
2025/08/12 11:56:27 [notice] 1#1: start worker process 31
2025/08/12 11:56:27 [notice] 1#1: start worker process 32
2025/08/12 11:56:27 [notice] 1#1: start worker process 33
2025/08/12 11:56:27 [notice] 1#1: start worker process 34
2025/08/12 11:56:27 [notice] 1#1: start worker process 35
2025/08/12 11:57:05 [notice] 1#1: signal 3 (SIGQUIT) received, shutting down
2025/08/12 11:57:05 [notice] 20#20: gracefully shutting down
2025/08/12 11:57:05 [notice] 22#22: gracefully shutting down
2025/08/12 11:57:05 [notice] 21#21: gracefully shutting down
2025/08/12 11:57:05 [notice] 25#25: gracefully shutting down
2025/08/12 11:57:05 [notice] 28#28: gracefully shutting down
2025/08/12 11:57:05 [notice] 20#20: exiting
2025/08/12 11:57:05 [notice] 23#23: gracefully shutting down
2025/08/12 11:57:05 [notice] 24#24: gracefully shutting down
2025/08/12 11:57:05 [notice] 26#26: gracefully shutting down
2025/08/12 11:57:05 [notice] 27#27: gracefully shutting down
2025/08/12 11:57:05 [notice] 22#22: exiting
2025/08/12 11:57:05 [notice] 20#20: exit
2025/08/12 11:57:05 [notice] 29#29: gracefully shutting down
2025/08/12 11:57:05 [notice] 21#21: exiting
2025/08/12 11:57:05 [notice] 30#30: gracefully shutting down
2025/08/12 11:57:05 [notice] 25#25: exiting
2025/08/12 11:57:05 [notice] 28#28: exiting
2025/08/12 11:57:05 [notice] 31#31: gracefully shutting down
2025/08/12 11:57:05 [notice] 23#23: exiting
2025/08/12 11:57:05 [notice] 32#32: gracefully shutting down
2025/08/12 11:57:05 [notice] 30#30: exiting
2025/08/12 11:57:05 [notice] 24#24: exiting
2025/08/12 11:57:05 [notice] 26#26: exiting
2025/08/12 11:57:05 [notice] 27#27: exiting
2025/08/12 11:57:05 [notice] 29#29: exiting
2025/08/12 11:57:05 [notice] 21#21: exit
2025/08/12 11:57:05 [notice] 31#31: exiting
2025/08/12 11:57:05 [notice] 32#32: exiting
2025/08/12 11:57:05 [notice] 25#25: exit
2025/08/12 11:57:05 [notice] 22#22: exit
2025/08/12 11:57:05 [notice] 28#28: exit
2025/08/12 11:57:05 [notice] 30#30: exit
2025/08/12 11:57:05 [notice] 23#23: exit
2025/08/12 11:57:05 [notice] 26#26: exit
2025/08/12 11:57:05 [notice] 24#24: exit
2025/08/12 11:57:05 [notice] 29#29: exit
2025/08/12 11:57:05 [notice] 27#27: exit
2025/08/12 11:57:05 [notice] 31#31: exit
2025/08/12 11:57:05 [notice] 32#32: exit
2025/08/12 11:57:05 [notice] 33#33: gracefully shutting down
2025/08/12 11:57:05 [notice] 34#34: gracefully shutting down
2025/08/12 11:57:05 [notice] 34#34: exiting
2025/08/12 11:57:05 [notice] 33#33: exiting
2025/08/12 11:57:05 [notice] 35#35: gracefully shutting down
2025/08/12 11:57:05 [notice] 35#35: exiting
2025/08/12 11:57:05 [notice] 34#34: exit
2025/08/12 11:57:05 [notice] 33#33: exit
2025/08/12 11:57:05 [notice] 35#35: exit
2025/08/12 11:57:05 [notice] 1#1: signal 17 (SIGCHLD) received from 27
2025/08/12 11:57:05 [notice] 1#1: worker process 27 exited with code 0
2025/08/12 11:57:05 [notice] 1#1: signal 29 (SIGIO) received
2025/08/12 11:57:05 [notice] 1#1: signal 17 (SIGCHLD) received from 29
2025/08/12 11:57:05 [notice] 1#1: worker process 29 exited with code 0
2025/08/12 11:57:05 [notice] 1#1: worker process 30 exited with code 0
2025/08/12 11:57:05 [notice] 1#1: signal 29 (SIGIO) received
2025/08/12 11:57:05 [notice] 1#1: signal 17 (SIGCHLD) received from 24
2025/08/12 11:57:05 [notice] 1#1: worker process 24 exited with code 0
2025/08/12 11:57:05 [notice] 1#1: signal 29 (SIGIO) received
2025/08/12 11:57:05 [notice] 1#1: signal 17 (SIGCHLD) received from 20
2025/08/12 11:57:05 [notice] 1#1: worker process 20 exited with code 0
2025/08/12 11:57:05 [notice] 1#1: worker process 25 exited with code 0
2025/08/12 11:57:05 [notice] 1#1: signal 29 (SIGIO) received
2025/08/12 11:57:05 [notice] 1#1: signal 17 (SIGCHLD) received from 32
2025/08/12 11:57:05 [notice] 1#1: worker process 23 exited with code 0
2025/08/12 11:57:05 [notice] 1#1: worker process 32 exited with code 0
2025/08/12 11:57:05 [notice] 1#1: signal 29 (SIGIO) received
2025/08/12 11:57:05 [notice] 1#1: signal 17 (SIGCHLD) received from 23
2025/08/12 11:57:05 [notice] 1#1: signal 17 (SIGCHLD) received from 31
2025/08/12 11:57:05 [notice] 1#1: worker process 31 exited with code 0
2025/08/12 11:57:05 [notice] 1#1: worker process 33 exited with code 0
2025/08/12 11:57:05 [notice] 1#1: signal 29 (SIGIO) received
2025/08/12 11:57:05 [notice] 1#1: signal 17 (SIGCHLD) received from 33
2025/08/12 11:57:05 [notice] 1#1: worker process 28 exited with code 0
2025/08/12 11:57:05 [notice] 1#1: signal 29 (SIGIO) received
2025/08/12 11:57:05 [notice] 1#1: signal 17 (SIGCHLD) received from 28
2025/08/12 11:57:05 [notice] 1#1: signal 17 (SIGCHLD) received from 26
2025/08/12 11:57:05 [notice] 1#1: worker process 26 exited with code 0
2025/08/12 11:57:05 [notice] 1#1: signal 29 (SIGIO) received
2025/08/12 11:57:05 [notice] 1#1: signal 17 (SIGCHLD) received from 22
2025/08/12 11:57:05 [notice] 1#1: worker process 22 exited with code 0
2025/08/12 11:57:05 [notice] 1#1: signal 29 (SIGIO) received
2025/08/12 11:57:05 [notice] 1#1: signal 17 (SIGCHLD) received from 35
2025/08/12 11:57:05 [notice] 1#1: worker process 35 exited with code 0
2025/08/12 11:57:05 [notice] 1#1: signal 29 (SIGIO) received
2025/08/12 11:57:05 [notice] 1#1: signal 17 (SIGCHLD) received from 21
2025/08/12 11:57:05 [notice] 1#1: worker process 21 exited with code 0
2025/08/12 11:57:05 [notice] 1#1: signal 29 (SIGIO) received
2025/08/12 11:57:05 [notice] 1#1: signal 17 (SIGCHLD) received from 34
2025/08/12 11:57:05 [notice] 1#1: worker process 34 exited with code 0
2025/08/12 11:57:05 [notice] 1#1: exit
2025/08/12 11:57:10 [emerg] 1#1: unknown directive "1" in /etc/nginx/sites-available/solt-front.conf:11
2025/08/12 11:58:16 [notice] 31#31: signal process started
2025/08/13 13:55:16 [notice] 31#31: signal process started
2025/08/13 13:58:55 [notice] 30#30: signal process started
2025/08/13 13:59:42 [notice] 35#35: signal process started
2025/08/13 14:22:09 [notice] 42#42: signal process started
2025/08/13 14:22:33 [notice] 47#47: signal process started
2025/08/13 14:29:18 [notice] 39#39: signal process started
